<?xml version="1.0" encoding="UTF-8"?>
<!-- Generated by org.testng.reporters.JUnitReportReporter -->
<testsuite hostname="DESKTOP-HCMDDC7" failures="0" tests="1" name="TestCases.AddProducts" time="35.083" errors="0" timestamp="2023-11-12T16:57:29 BDT" skipped="0">
  <testcase classname="TestCases.AddProducts" name="addToCart" time="35.083"/>
  <system-out/>
</testsuite> <!-- TestCases.AddProducts -->
