<?xml version="1.0" encoding="UTF-8"?>
<!-- Generated by org.testng.reporters.JUnitReportReporter -->
<testsuite hostname="DESKTOP-HCMDDC7" failures="0" tests="1" name="TestCases.PlaceOrder" time="96.966" errors="0" timestamp="2023-11-12T17:51:06 BDT" skipped="0">
  <testcase classname="TestCases.PlaceOrder" name="OrderReplace" time="96.966"/>
  <system-out/>
</testsuite> <!-- TestCases.PlaceOrder -->
